<?xml version="1.0" encoding="utf-8"?><testsuites name="pytest tests"><testsuite name="pytest" errors="0" failures="0" skipped="0" tests="7" time="22.045" timestamp="2026-02-25T08:45:35.952574+00:00" hostname="agent-env-1ba77f61-b6c8-4322-8ac3-a06f05d029bc"><testcase classname="backend.tests.test_admin_credit_debit_metadata.TestAdminCreditDebitMetadata" name="test_admin_credit_stores_metadata" time="4.823" /><testcase classname="backend.tests.test_admin_credit_debit_metadata.TestAdminCreditDebitMetadata" name="test_admin_debit_stores_metadata" time="3.240" /><testcase classname="backend.tests.test_admin_credit_debit_metadata.TestAdminCreditDebitMetadata" name="test_client_sees_credit_metadata_in_transactions" time="1.876" /><testcase classname="backend.tests.test_admin_credit_debit_metadata.TestAdminCreditDebitMetadata" name="test_client_sees_debit_metadata_in_transactions" time="1.819" /><testcase classname="backend.tests.test_admin_credit_debit_metadata.TestAdminCreditDebitMetadata" name="test_transaction_direction_indicators" time="2.428" /><testcase classname="backend.tests.test_admin_credit_debit_metadata.TestAdminCreditDebitMetadata" name="test_full_admin_credit_flow" time="3.831" /><testcase classname="backend.tests.test_admin_credit_debit_metadata.TestAdminCreditDebitMetadata" name="test_full_admin_debit_flow" time="3.934" /></testsuite></testsuites>