<?xml version="1.0" encoding="utf-8"?><testsuites name="pytest tests"><testsuite name="pytest" errors="0" failures="1" skipped="0" tests="9" time="12.610" timestamp="2026-02-23T14:22:18.068739+00:00" hostname="agent-env-fcf37be6-071e-420a-9d0f-14d43277216c"><testcase classname="backend.tests.test_admin_user_phone.TestAdminUsersPhoneEndpoint" name="test_users_list_returns_phone_field" time="4.851" /><testcase classname="backend.tests.test_admin_user_phone.TestAdminUsersPhoneEndpoint" name="test_users_list_has_user_with_phone" time="0.697" /><testcase classname="backend.tests.test_admin_user_phone.TestAdminUsersPhoneEndpoint" name="test_users_list_has_user_without_phone" time="0.707" /><testcase classname="backend.tests.test_admin_user_phone.TestAdminUserDetailPhoneEndpoint" name="test_user_detail_returns_phone_field" time="1.604" /><testcase classname="backend.tests.test_admin_user_phone.TestAdminUserDetailPhoneEndpoint" name="test_user_detail_with_phone_shows_correct_value" time="1.651" /><testcase classname="backend.tests.test_admin_user_phone.TestAdminUserDetailPhoneEndpoint" name="test_user_detail_without_phone_shows_none" time="1.513" /><testcase classname="backend.tests.test_admin_user_phone.TestAdminPanelRegressions" name="test_user_search_still_works" time="0.722" /><testcase classname="backend.tests.test_admin_user_phone.TestAdminPanelRegressions" name="test_pagination_still_works" time="0.672"><failure message="AssertionError: assert 'total' in {'has_next': True, 'has_prev': False, 'limit': 20, 'page': 1, ...}">backend/tests/test_admin_user_phone.py:216: in test_pagination_still_works
    assert "total" in pagination
E   AssertionError: assert 'total' in {'has_next': True, 'has_prev': False, 'limit': 20, 'page': 1, ...}</failure></testcase><testcase classname="backend.tests.test_admin_user_phone.TestAdminPanelRegressions" name="test_admin_access_required" time="0.106" /></testsuite></testsuites>