<?xml version="1.0" encoding="utf-8"?><testsuites name="pytest tests"><testsuite name="pytest" errors="0" failures="0" skipped="0" tests="16" time="17.055" timestamp="2026-02-24T16:42:55.842835+00:00" hostname="agent-env-1ba77f61-b6c8-4322-8ac3-a06f05d029bc"><testcase classname="tests.test_admin_badge_persistence.TestAdminBadgePersistence" name="test_notification_counts_requires_auth" time="0.292" /><testcase classname="tests.test_admin_badge_persistence.TestAdminBadgePersistence" name="test_notification_counts_requires_admin" time="0.954" /><testcase classname="tests.test_admin_badge_persistence.TestAdminBadgePersistence" name="test_notification_counts_success" time="1.069" /><testcase classname="tests.test_admin_badge_persistence.TestAdminBadgePersistence" name="test_notification_counts_structure_complete" time="0.529" /><testcase classname="tests.test_admin_badge_persistence.TestAdminBadgePersistence" name="test_mark_seen_requires_auth" time="0.137" /><testcase classname="tests.test_admin_badge_persistence.TestAdminBadgePersistence" name="test_mark_seen_requires_admin" time="0.331" /><testcase classname="tests.test_admin_badge_persistence.TestAdminBadgePersistence" name="test_mark_seen_invalid_section" time="0.220" /><testcase classname="tests.test_admin_badge_persistence.TestAdminBadgePersistence" name="test_mark_seen_all_valid_sections" time="2.351" /><testcase classname="tests.test_admin_badge_persistence.TestAdminBadgePersistence" name="test_badge_clears_after_mark_seen" time="1.505" /><testcase classname="tests.test_admin_badge_persistence.TestAdminBadgePersistence" name="test_counts_based_on_last_seen_timestamp" time="2.243" /><testcase classname="tests.test_admin_badge_persistence.TestAdminBadgePersistence" name="test_different_sections_independent" time="1.385" /><testcase classname="tests.test_admin_badge_persistence.TestBadgePersistenceAcrossLogins" name="test_persistence_simulation" time="2.751" /><testcase classname="tests.test_admin_badge_persistence.TestStatusFilters" name="test_transfers_only_submitted_status" time="1.090" /><testcase classname="tests.test_admin_badge_persistence.TestStatusFilters" name="test_kyc_only_pending_status" time="0.472" /><testcase classname="tests.test_admin_badge_persistence.TestAPIResponseFormat" name="test_frontend_section_mapping" time="1.103" /><testcase classname="tests.test_admin_badge_persistence.TestAPIResponseFormat" name="test_mark_seen_response_format" time="0.567" /></testsuite></testsuites>