<?xml version="1.0" encoding="utf-8"?><testsuites name="pytest tests"><testsuite name="pytest" errors="0" failures="0" skipped="0" tests="16" time="18.327" timestamp="2026-02-20T15:14:13.534200+00:00" hostname="agent-env-071d8886-7726-4435-8a57-eacd6d015b2d"><testcase classname="backend.tests.test_admin_badge_persistence.TestAdminBadgePersistence" name="test_notification_counts_requires_auth" time="1.837" /><testcase classname="backend.tests.test_admin_badge_persistence.TestAdminBadgePersistence" name="test_notification_counts_requires_admin" time="1.705" /><testcase classname="backend.tests.test_admin_badge_persistence.TestAdminBadgePersistence" name="test_notification_counts_success" time="1.065" /><testcase classname="backend.tests.test_admin_badge_persistence.TestAdminBadgePersistence" name="test_notification_counts_structure_complete" time="0.449" /><testcase classname="backend.tests.test_admin_badge_persistence.TestAdminBadgePersistence" name="test_mark_seen_requires_auth" time="0.149" /><testcase classname="backend.tests.test_admin_badge_persistence.TestAdminBadgePersistence" name="test_mark_seen_requires_admin" time="0.334" /><testcase classname="backend.tests.test_admin_badge_persistence.TestAdminBadgePersistence" name="test_mark_seen_invalid_section" time="0.259" /><testcase classname="backend.tests.test_admin_badge_persistence.TestAdminBadgePersistence" name="test_mark_seen_all_valid_sections" time="1.782" /><testcase classname="backend.tests.test_admin_badge_persistence.TestAdminBadgePersistence" name="test_badge_clears_after_mark_seen" time="1.927" /><testcase classname="backend.tests.test_admin_badge_persistence.TestAdminBadgePersistence" name="test_counts_based_on_last_seen_timestamp" time="2.231" /><testcase classname="backend.tests.test_admin_badge_persistence.TestAdminBadgePersistence" name="test_different_sections_independent" time="1.343" /><testcase classname="backend.tests.test_admin_badge_persistence.TestBadgePersistenceAcrossLogins" name="test_persistence_simulation" time="2.112" /><testcase classname="backend.tests.test_admin_badge_persistence.TestStatusFilters" name="test_transfers_only_submitted_status" time="1.088" /><testcase classname="backend.tests.test_admin_badge_persistence.TestStatusFilters" name="test_kyc_only_pending_status" time="0.505" /><testcase classname="backend.tests.test_admin_badge_persistence.TestAPIResponseFormat" name="test_frontend_section_mapping" time="1.083" /><testcase classname="backend.tests.test_admin_badge_persistence.TestAPIResponseFormat" name="test_mark_seen_response_format" time="0.384" /></testsuite></testsuites>