<?xml version="1.0" encoding="utf-8"?><testsuites name="pytest tests"><testsuite name="pytest" errors="0" failures="0" skipped="0" tests="10" time="17.664" timestamp="2026-02-20T16:41:58.934574+00:00" hostname="agent-env-b6cb88b6-fcdc-4a4a-9924-ea5ab97a8636"><testcase classname="backend.tests.test_admin_password_audit.TestAdminPasswordChangeAndAuditLogs" name="test_admin_login_creates_audit_log" time="3.511" /><testcase classname="backend.tests.test_admin_password_audit.TestAdminPasswordChangeAndAuditLogs" name="test_admin_change_customer_password_endpoint" time="1.401" /><testcase classname="backend.tests.test_admin_password_audit.TestAdminPasswordChangeAndAuditLogs" name="test_admin_change_password_validation_short_password" time="0.984" /><testcase classname="backend.tests.test_admin_password_audit.TestAdminPasswordChangeAndAuditLogs" name="test_admin_change_password_user_not_found" time="1.229" /><testcase classname="backend.tests.test_admin_password_audit.TestAdminPasswordChangeAndAuditLogs" name="test_get_auth_history_endpoint" time="1.350" /><testcase classname="backend.tests.test_admin_password_audit.TestAdminPasswordChangeAndAuditLogs" name="test_auth_history_user_not_found" time="1.165" /><testcase classname="backend.tests.test_admin_password_audit.TestAdminPasswordChangeAndAuditLogs" name="test_password_change_creates_audit_log" time="3.093" /><testcase classname="backend.tests.test_admin_password_audit.TestAdminPasswordChangeAndAuditLogs" name="test_logout_endpoint" time="1.121" /><testcase classname="backend.tests.test_admin_password_audit.TestAdminPasswordChangeAndAuditLogs" name="test_customer_login_creates_user_login_success" time="2.403" /><testcase classname="backend.tests.test_admin_password_audit.TestAuditLogEventTypes" name="test_auth_history_includes_expected_event_types" time="1.342" /></testsuite></testsuites>