<?xml version="1.0" encoding="utf-8"?><testsuites name="pytest tests"><testsuite name="pytest" errors="0" failures="0" skipped="0" tests="15" time="13.850" timestamp="2026-02-20T13:22:45.298453+00:00" hostname="agent-env-917cb0b2-7f01-49fd-b1fe-dbbbb146b700"><testcase classname="backend.tests.test_admin_performance.TestAdminLogin" name="test_admin_login_works" time="0.729" /><testcase classname="backend.tests.test_admin_performance.TestAccountsPerformance" name="test_accounts_endpoint_performance" time="1.321" /><testcase classname="backend.tests.test_admin_performance.TestAccountsPerformance" name="test_accounts_data_structure" time="0.563" /><testcase classname="backend.tests.test_admin_performance.TestAccountsPerformance" name="test_accounts_balances_are_present" time="0.544" /><testcase classname="backend.tests.test_admin_performance.TestAccountsPerformance" name="test_accounts_pagination_works" time="0.576" /><testcase classname="backend.tests.test_admin_performance.TestTransfersPerformance" name="test_transfers_submitted_performance" time="1.357" /><testcase classname="backend.tests.test_admin_performance.TestTransfersPerformance" name="test_transfers_completed_performance" time="0.825" /><testcase classname="backend.tests.test_admin_performance.TestTransfersPerformance" name="test_transfers_rejected_performance" time="0.883" /><testcase classname="backend.tests.test_admin_performance.TestTransfersPerformance" name="test_transfers_data_structure" time="0.685" /><testcase classname="backend.tests.test_admin_performance.TestTransfersPerformance" name="test_transfers_tabs_work" time="2.042" /><testcase classname="backend.tests.test_admin_performance.TestCustomerAccess" name="test_customer_login_works" time="0.630" /><testcase classname="backend.tests.test_admin_performance.TestCustomerAccess" name="test_customer_can_get_accounts" time="0.590" /><testcase classname="backend.tests.test_admin_performance.TestCustomerAccess" name="test_customer_can_get_transfers" time="0.447" /><testcase classname="backend.tests.test_admin_performance.TestCustomerAccess" name="test_customer_can_get_transactions" time="1.387" /><testcase classname="backend.tests.test_admin_performance.TestBulkBalancesImplementation" name="test_multiple_accounts_load_fast" time="1.191" /></testsuite></testsuites>