<?xml version="1.0" encoding="utf-8"?><testsuites name="pytest tests"><testsuite name="pytest" errors="0" failures="0" skipped="0" tests="18" time="14.649" timestamp="2026-02-20T14:06:56.919842+00:00" hostname="agent-env-917cb0b2-7f01-49fd-b1fe-dbbbb146b700"><testcase classname="backend.tests.test_admin_overview_optimization.TestAdminLogin" name="test_admin_can_login" time="2.284" /><testcase classname="backend.tests.test_admin_overview_optimization.TestAdminOverviewPerformance" name="test_admin_overview_loads_fast" time="1.578" /><testcase classname="backend.tests.test_admin_overview_optimization.TestAdminOverviewPerformance" name="test_admin_overview_shows_correct_total_users" time="1.042" /><testcase classname="backend.tests.test_admin_overview_optimization.TestAdminOverviewPerformance" name="test_admin_overview_shows_correct_active_users" time="0.947" /><testcase classname="backend.tests.test_admin_overview_optimization.TestAdminOverviewPerformance" name="test_admin_overview_shows_correct_transactions" time="0.938" /><testcase classname="backend.tests.test_admin_overview_optimization.TestAdminOverviewPerformance" name="test_admin_overview_shows_total_volume" time="0.333" /><testcase classname="backend.tests.test_admin_overview_optimization.TestAdminOverviewPerformance" name="test_admin_overview_shows_ticket_stats" time="0.357" /><testcase classname="backend.tests.test_admin_overview_optimization.TestAdminMonthlyAnalyticsPerformance" name="test_admin_monthly_analytics_loads_fast" time="0.362" /><testcase classname="backend.tests.test_admin_overview_optimization.TestAdminMonthlyAnalyticsPerformance" name="test_admin_monthly_analytics_has_correct_structure" time="0.325" /><testcase classname="backend.tests.test_admin_overview_optimization.TestAdminMonthlyAnalyticsPerformance" name="test_admin_monthly_analytics_cumulative_users" time="0.343" /><testcase classname="backend.tests.test_admin_overview_optimization.TestSupportTicketsList" name="test_admin_tickets_shows_70_tickets" time="0.669" /><testcase classname="backend.tests.test_admin_overview_optimization.TestSupportTicketsList" name="test_admin_tickets_show_user_info" time="0.582" /><testcase classname="backend.tests.test_admin_overview_optimization.TestCardRequestsPage" name="test_card_requests_loads_fast" time="0.481" /><testcase classname="backend.tests.test_admin_overview_optimization.TestTransfersQueuePage" name="test_transfers_queue_loads_fast" time="0.769" /><testcase classname="backend.tests.test_admin_overview_optimization.TestTransfersQueuePage" name="test_transfers_queue_search_works" time="0.816" /><testcase classname="backend.tests.test_admin_overview_optimization.TestAccountsPage" name="test_accounts_page_loads_fast" time="0.772" /><testcase classname="backend.tests.test_admin_overview_optimization.TestCustomerDashboard" name="test_customer_can_login" time="0.630" /><testcase classname="backend.tests.test_admin_overview_optimization.TestCustomerDashboard" name="test_customer_dashboard_with_monthly_spending" time="1.327" /></testsuite></testsuites>