<?xml version="1.0" encoding="utf-8"?><testsuites name="pytest tests"><testsuite name="pytest" errors="0" failures="0" skipped="0" tests="19" time="21.708" timestamp="2026-02-24T08:34:56.578887+00:00" hostname="agent-env-b4460a28-dc6f-4d79-8238-4521e43a16d7"><testcase classname="backend.tests.test_all_extracted_routers.TestLoginAndAuth" name="test_login_success" time="0.697" /><testcase classname="backend.tests.test_all_extracted_routers.TestLoginAndAuth" name="test_login_invalid_credentials" time="0.424" /><testcase classname="backend.tests.test_all_extracted_routers.TestLoginAndAuth" name="test_auth_me_endpoint" time="1.115" /><testcase classname="backend.tests.test_all_extracted_routers.TestAnalyticsRouter" name="test_analytics_overview" time="1.643" /><testcase classname="backend.tests.test_all_extracted_routers.TestAnalyticsRouter" name="test_analytics_monthly" time="0.974" /><testcase classname="backend.tests.test_all_extracted_routers.TestNotificationsRouter" name="test_admin_notification_counts" time="1.100" /><testcase classname="backend.tests.test_all_extracted_routers.TestNotificationsRouter" name="test_user_notifications" time="1.093" /><testcase classname="backend.tests.test_all_extracted_routers.TestCardsRouter" name="test_user_card_requests" time="1.005" /><testcase classname="backend.tests.test_all_extracted_routers.TestCardsRouter" name="test_user_cards" time="1.003" /><testcase classname="backend.tests.test_all_extracted_routers.TestCardsRouter" name="test_admin_card_requests" time="1.216" /><testcase classname="backend.tests.test_all_extracted_routers.TestAccountsRouter" name="test_user_accounts" time="1.142" /><testcase classname="backend.tests.test_all_extracted_routers.TestAccountsRouter" name="test_admin_accounts_with_users" time="6.988" /><testcase classname="backend.tests.test_all_extracted_routers.TestTransfersInServerPy" name="test_user_transfers" time="1.176" /><testcase classname="backend.tests.test_all_extracted_routers.TestTransfersInServerPy" name="test_admin_transfers" time="1.487" /><testcase classname="backend.tests.test_all_extracted_routers.TestAuthorizationRequired" name="test_analytics_overview_requires_auth" time="0.116" /><testcase classname="backend.tests.test_all_extracted_routers.TestAuthorizationRequired" name="test_notification_counts_requires_auth" time="0.111" /><testcase classname="backend.tests.test_all_extracted_routers.TestAuthorizationRequired" name="test_admin_card_requests_requires_auth" time="0.113" /><testcase classname="backend.tests.test_all_extracted_routers.TestAuthorizationRequired" name="test_admin_accounts_requires_auth" time="0.132" /><testcase classname="backend.tests.test_all_extracted_routers.TestAuthorizationRequired" name="test_admin_transfers_requires_auth" time="0.109" /></testsuite></testsuites>