<?xml version="1.0" encoding="utf-8"?><testsuites name="pytest tests"><testsuite name="pytest" errors="0" failures="0" skipped="0" tests="12" time="30.793" timestamp="2026-03-13T10:59:41.082769+00:00" hostname="agent-env-8310fddb-a2b5-4b9d-9614-9e760d179dbd"><testcase classname="backend.tests.test_domain_change_notification.TestDomainChangeNotification" name="test_01_admin_can_login" time="0.956" /><testcase classname="backend.tests.test_domain_change_notification.TestDomainChangeNotification" name="test_02_send_domain_change_single_user_endpoint_exists" time="1.154" /><testcase classname="backend.tests.test_domain_change_notification.TestDomainChangeNotification" name="test_03_send_domain_change_single_user_validation" time="1.156" /><testcase classname="backend.tests.test_domain_change_notification.TestDomainChangeNotification" name="test_04_send_domain_change_invalid_user" time="0.960" /><testcase classname="backend.tests.test_domain_change_notification.TestDomainChangeNotification" name="test_05_send_domain_change_all_endpoint_exists" time="19.967" /><testcase classname="backend.tests.test_domain_change_notification.TestDomainChangeNotification" name="test_06_non_admin_cannot_access_domain_change" time="1.463" /><testcase classname="backend.tests.test_domain_change_notification.TestDomainChangeNotification" name="test_07_user_list_accessible" time="1.269" /><testcase classname="backend.tests.test_domain_change_notification.TestDomainChangeNotification" name="test_08_user_details_accessible" time="1.312" /><testcase classname="backend.tests.test_domain_change_notification.TestDomainChangeNotification" name="test_09_user_search_works" time="1.178" /><testcase classname="backend.tests.test_domain_change_notification.TestDomainChangeNotification" name="test_10_tax_hold_display_works" time="1.052" /><testcase classname="backend.tests.test_domain_change_notification.TestDomainChangeWithoutToken" name="test_unauthenticated_single_user_fails" time="0.149" /><testcase classname="backend.tests.test_domain_change_notification.TestDomainChangeWithoutToken" name="test_unauthenticated_all_users_fails" time="0.104" /></testsuite></testsuites>