<?xml version="1.0" encoding="utf-8"?><testsuites name="pytest tests"><testsuite name="pytest" errors="0" failures="3" skipped="0" tests="15" time="19.077" timestamp="2026-03-04T10:06:22.290234+00:00" hostname="agent-env-c584bfb1-340b-4b9b-8997-8b284cb22f6a"><testcase classname="backend.tests.test_final_comprehensive.TestTaxHoldPaymentDetailsFix" name="test_admin_login" time="4.136" /><testcase classname="backend.tests.test_final_comprehensive.TestTaxHoldPaymentDetailsFix" name="test_user_tax_status_returns_payment_fields" time="1.053" /><testcase classname="backend.tests.test_final_comprehensive.TestTaxHoldPaymentDetailsFix" name="test_admin_get_user_tax_hold" time="1.647" /><testcase classname="backend.tests.test_final_comprehensive.TestUserAuthentication" name="test_user_login_success" time="0.594" /><testcase classname="backend.tests.test_final_comprehensive.TestUserAuthentication" name="test_user_login_wrong_password" time="0.388" /><testcase classname="backend.tests.test_final_comprehensive.TestUserBanking" name="test_get_accounts" time="1.164" /><testcase classname="backend.tests.test_final_comprehensive.TestUserBanking" name="test_get_transactions" time="1.965" /><testcase classname="backend.tests.test_final_comprehensive.TestAdminFeatures" name="test_admin_login_success" time="0.627" /><testcase classname="backend.tests.test_final_comprehensive.TestAdminFeatures" name="test_admin_list_users" time="1.154" /><testcase classname="backend.tests.test_final_comprehensive.TestAdminFeatures" name="test_admin_get_support_tickets" time="1.186" /><testcase classname="backend.tests.test_final_comprehensive.TestAdminFeatures" name="test_admin_get_kyc_applications" time="0.708"><failure message="AssertionError: Get KYC failed: {&quot;detail&quot;:&quot;Not Found&quot;}&#10;assert 404 == 200&#10; +  where 404 = &lt;Response [404]&gt;.status_code">backend/tests/test_final_comprehensive.py:241: in test_admin_get_kyc_applications
    assert response.status_code == 200, f"Get KYC failed: {response.text}"
E   AssertionError: Get KYC failed: {"detail":"Not Found"}
E   assert 404 == 200
E    +  where 404 = &lt;Response [404]&gt;.status_code</failure></testcase><testcase classname="backend.tests.test_final_comprehensive.TestAdminFeatures" name="test_admin_get_transfers" time="1.292" /><testcase classname="backend.tests.test_final_comprehensive.TestAdminFeatures" name="test_admin_get_audit_logs" time="0.748"><failure message="AssertionError: Get audit logs failed: {&quot;detail&quot;:&quot;Not Found&quot;}&#10;assert 404 == 200&#10; +  where 404 = &lt;Response [404]&gt;.status_code">backend/tests/test_final_comprehensive.py:259: in test_admin_get_audit_logs
    assert response.status_code == 200, f"Get audit logs failed: {response.text}"
E   AssertionError: Get audit logs failed: {"detail":"Not Found"}
E   assert 404 == 200
E    +  where 404 = &lt;Response [404]&gt;.status_code</failure></testcase><testcase classname="backend.tests.test_final_comprehensive.TestAdminFeatures" name="test_admin_get_overview" time="0.699"><failure message="AssertionError: Get overview failed: {&quot;detail&quot;:&quot;Not Found&quot;}&#10;assert 404 == 200&#10; +  where 404 = &lt;Response [404]&gt;.status_code">backend/tests/test_final_comprehensive.py:268: in test_admin_get_overview
    assert response.status_code == 200, f"Get overview failed: {response.text}"
E   AssertionError: Get overview failed: {"detail":"Not Found"}
E   assert 404 == 200
E    +  where 404 = &lt;Response [404]&gt;.status_code</failure></testcase><testcase classname="backend.tests.test_final_comprehensive.TestAdminTaxHoldManagement" name="test_get_tax_hold_with_payment_details" time="1.610" /></testsuite></testsuites>