<?xml version="1.0" encoding="utf-8"?><testsuites name="pytest tests"><testsuite name="pytest" errors="0" failures="1" skipped="0" tests="29" time="30.596" timestamp="2026-02-24T11:05:07.397921+00:00" hostname="agent-env-97a3304b-feca-4836-b395-e12d963e0900"><testcase classname="tests.test_final_redeploy.TestAuthenticationRBAC" name="test_auth_login_success" time="4.030" /><testcase classname="tests.test_final_redeploy.TestAuthenticationRBAC" name="test_auth_me_endpoint" time="0.564" /><testcase classname="tests.test_final_redeploy.TestAuthenticationRBAC" name="test_unauthorized_access_denied" time="0.206" /><testcase classname="tests.test_final_redeploy.TestAdminOverview" name="test_analytics_overview_loads" time="2.198" /><testcase classname="tests.test_final_redeploy.TestAdminUsers" name="test_users_list_loads" time="1.249" /><testcase classname="tests.test_final_redeploy.TestAdminUsers" name="test_users_search_works" time="0.663" /><testcase classname="tests.test_final_redeploy.TestAdminKYC" name="test_kyc_queue_loads" time="1.234" /><testcase classname="tests.test_final_redeploy.TestAdminKYC" name="test_kyc_applications_list" time="0.103"><failure message="AssertionError: KYC applications unexpected error: 405&#10;assert 405 in [200, 404]&#10; +  where 405 = &lt;Response [405]&gt;.status_code">tests/test_final_redeploy.py:188: in test_kyc_applications_list
    assert response.status_code in [200, 404], f"KYC applications unexpected error: {response.status_code}"
E   AssertionError: KYC applications unexpected error: 405
E   assert 405 in [200, 404]
E    +  where 405 = &lt;Response [405]&gt;.status_code</failure></testcase><testcase classname="tests.test_final_redeploy.TestAdminAccounts" name="test_accounts_list_loads" time="1.373" /><testcase classname="tests.test_final_redeploy.TestAdminAccounts" name="test_accounts_performance" time="0.773" /><testcase classname="tests.test_final_redeploy.TestAdminAccounts" name="test_accounts_search_works" time="0.889" /><testcase classname="tests.test_final_redeploy.TestAdminCards" name="test_card_requests_list_loads" time="1.235" /><testcase classname="tests.test_final_redeploy.TestAdminTransfers" name="test_transfers_queue_loads" time="1.479" /><testcase classname="tests.test_final_redeploy.TestAdminTransfers" name="test_transfers_tabs_work" time="3.078" /><testcase classname="tests.test_final_redeploy.TestAdminTransfers" name="test_transfers_performance" time="0.783" /><testcase classname="tests.test_final_redeploy.TestAdminTransfers" name="test_transfers_search_pagination" time="1.627" /><testcase classname="tests.test_final_redeploy.TestAdminTransfers" name="test_deleted_tab_returns_soft_deleted" time="0.774" /><testcase classname="tests.test_final_redeploy.TestAdminSupport" name="test_tickets_list_loads" time="1.463" /><testcase classname="tests.test_final_redeploy.TestAdminSupport" name="test_tickets_search_filter" time="0.796" /><testcase classname="tests.test_final_redeploy.TestAdminAudit" name="test_audit_logs_load" time="1.157" /><testcase classname="tests.test_final_redeploy.TestAdminAudit" name="test_audit_logs_search_filter" time="0.546" /><testcase classname="tests.test_final_redeploy.TestAdminNotifications" name="test_notification_counts_endpoint" time="1.139" /><testcase classname="tests.test_final_redeploy.TestExtractedRouters" name="test_recipients_router" time="1.007" /><testcase classname="tests.test_final_redeploy.TestExtractedRouters" name="test_beneficiaries_router" time="0.424" /><testcase classname="tests.test_final_redeploy.TestExtractedRouters" name="test_insights_router" time="0.534" /><testcase classname="tests.test_final_redeploy.TestExtractedRouters" name="test_scheduled_payments_router" time="0.426" /><testcase classname="tests.test_final_redeploy.TestSecurityRBAC" name="test_admin_endpoints_blocked_for_non_admin" time="0.536" /><testcase classname="tests.test_final_redeploy.TestHealthEndpoints" name="test_health_endpoint" time="0.098" /><testcase classname="tests.test_final_redeploy.TestHealthEndpoints" name="test_root_health_endpoint" time="0.104" /></testsuite></testsuites>