<?xml version="1.0" encoding="utf-8"?><testsuites name="pytest tests"><testsuite name="pytest" errors="0" failures="4" skipped="0" tests="29" time="29.845" timestamp="2026-02-24T11:03:53.878220+00:00" hostname="agent-env-97a3304b-feca-4836-b395-e12d963e0900"><testcase classname="tests.test_final_redeploy.TestAuthenticationRBAC" name="test_auth_login_success" time="3.832" /><testcase classname="tests.test_final_redeploy.TestAuthenticationRBAC" name="test_auth_me_endpoint" time="0.549" /><testcase classname="tests.test_final_redeploy.TestAuthenticationRBAC" name="test_unauthorized_access_denied" time="0.204" /><testcase classname="tests.test_final_redeploy.TestAdminOverview" name="test_analytics_overview_loads" time="1.671"><failure message="AssertionError: Missing expected field: total_users&#10;assert ('total_users' in {'accounts': {'total': 75}, 'cards': {'pending': 8}, 'kyc': {'approved': 72, 'pending': 1}, 'tickets': {'open': 74, 'total': 75}, ...} or 'totalusers' in &quot;{'users': {'total': 93, 'active': 74}, 'kyc': {'pending': 1, 'approved': 72}, 'accounts': {'total': 75}, 'transfers': {'total': 131, 'pending': 38, 'completed': 5, 'rejected': 88, 'volume_cents': 3673124638}, 'tickets': {'total': 75, 'open': 74}, 'cards': {'pending': 8}}&quot;)&#10; +  where 'totalusers' = &lt;built-in method replace of str object at 0xfc258529c770&gt;('_', '')&#10; +    where &lt;built-in method replace of str object at 0xfc258529c770&gt; = 'total_users'.replace&#10; +  and   &quot;{'users': {'total': 93, 'active': 74}, 'kyc': {'pending': 1, 'approved': 72}, 'accounts': {'total': 75}, 'transfers': {'total': 131, 'pending': 38, 'completed': 5, 'rejected': 88, 'volume_cents': 3673124638}, 'tickets': {'total': 75, 'open': 74}, 'cards': {'pending': 8}}&quot; = &lt;built-in method lower of str object at 0xfc2585198030&gt;()&#10; +    where &lt;built-in method lower of str object at 0xfc2585198030&gt; = &quot;{'users': {'total': 93, 'active': 74}, 'kyc': {'pending': 1, 'approved': 72}, 'accounts': {'total': 75}, 'transfers': {'total': 131, 'pending': 38, 'completed': 5, 'rejected': 88, 'volume_cents': 3673124638}, 'tickets': {'total': 75, 'open': 74}, 'cards': {'pending': 8}}&quot;.lower&#10; +      where &quot;{'users': {'total': 93, 'active': 74}, 'kyc': {'pending': 1, 'approved': 72}, 'accounts': {'total': 75}, 'transfers': {'total': 131, 'pending': 38, 'completed': 5, 'rejected': 88, 'volume_cents': 3673124638}, 'tickets': {'total': 75, 'open': 74}, 'cards': {'pending': 8}}&quot; = str({'accounts': {'total': 75}, 'cards': {'pending': 8}, 'kyc': {'approved': 72, 'pending': 1}, 'tickets': {'open': 74, 'total': 75}, ...})">tests/test_final_redeploy.py:111: in test_analytics_overview_loads
    assert field in data or field.replace("_", "") in str(data).lower(), f"Missing expected field: {field}"
E   AssertionError: Missing expected field: total_users
E   assert ('total_users' in {'accounts': {'total': 75}, 'cards': {'pending': 8}, 'kyc': {'approved': 72, 'pending': 1}, 'tickets': {'open': 74, 'total': 75}, ...} or 'totalusers' in "{'users': {'total': 93, 'active': 74}, 'kyc': {'pending': 1, 'approved': 72}, 'accounts': {'total': 75}, 'transfers': {'total': 131, 'pending': 38, 'completed': 5, 'rejected': 88, 'volume_cents': 3673124638}, 'tickets': {'total': 75, 'open': 74}, 'cards': {'pending': 8}}")
E    +  where 'totalusers' = &lt;built-in method replace of str object at 0xfc258529c770&gt;('_', '')
E    +    where &lt;built-in method replace of str object at 0xfc258529c770&gt; = 'total_users'.replace
E    +  and   "{'users': {'total': 93, 'active': 74}, 'kyc': {'pending': 1, 'approved': 72}, 'accounts': {'total': 75}, 'transfers': {'total': 131, 'pending': 38, 'completed': 5, 'rejected': 88, 'volume_cents': 3673124638}, 'tickets': {'total': 75, 'open': 74}, 'cards': {'pending': 8}}" = &lt;built-in method lower of str object at 0xfc2585198030&gt;()
E    +    where &lt;built-in method lower of str object at 0xfc2585198030&gt; = "{'users': {'total': 93, 'active': 74}, 'kyc': {'pending': 1, 'approved': 72}, 'accounts': {'total': 75}, 'transfers': {'total': 131, 'pending': 38, 'completed': 5, 'rejected': 88, 'volume_cents': 3673124638}, 'tickets': {'total': 75, 'open': 74}, 'cards': {'pending': 8}}".lower
E    +      where "{'users': {'total': 93, 'active': 74}, 'kyc': {'pending': 1, 'approved': 72}, 'accounts': {'total': 75}, 'transfers': {'total': 131, 'pending': 38, 'completed': 5, 'rejected': 88, 'volume_cents': 3673124638}, 'tickets': {'total': 75, 'open': 74}, 'cards': {'pending': 8}}" = str({'accounts': {'total': 75}, 'cards': {'pending': 8}, 'kyc': {'approved': 72, 'pending': 1}, 'tickets': {'open': 74, 'total': 75}, ...})</failure></testcase><testcase classname="tests.test_final_redeploy.TestAdminUsers" name="test_users_list_loads" time="1.263" /><testcase classname="tests.test_final_redeploy.TestAdminUsers" name="test_users_search_works" time="0.660" /><testcase classname="tests.test_final_redeploy.TestAdminKYC" name="test_kyc_queue_loads" time="0.696"><failure message="AssertionError: KYC queue failed: {&quot;detail&quot;:&quot;Not Found&quot;}&#10;assert 404 == 200&#10; +  where 404 = &lt;Response [404]&gt;.status_code">tests/test_final_redeploy.py:175: in test_kyc_queue_loads
    assert response.status_code == 200, f"KYC queue failed: {response.text}"
E   AssertionError: KYC queue failed: {"detail":"Not Found"}
E   assert 404 == 200
E    +  where 404 = &lt;Response [404]&gt;.status_code</failure></testcase><testcase classname="tests.test_final_redeploy.TestAdminKYC" name="test_kyc_filter_by_status" time="0.103"><failure message="AssertionError: KYC filter by SUBMITTED failed: {&quot;detail&quot;:&quot;Not Found&quot;}&#10;assert 404 == 200&#10; +  where 404 = &lt;Response [404]&gt;.status_code">tests/test_final_redeploy.py:189: in test_kyc_filter_by_status
    assert response.status_code == 200, f"KYC filter by {status} failed: {response.text}"
E   AssertionError: KYC filter by SUBMITTED failed: {"detail":"Not Found"}
E   assert 404 == 200
E    +  where 404 = &lt;Response [404]&gt;.status_code</failure></testcase><testcase classname="tests.test_final_redeploy.TestAdminAccounts" name="test_accounts_list_loads" time="1.405" /><testcase classname="tests.test_final_redeploy.TestAdminAccounts" name="test_accounts_performance" time="0.920" /><testcase classname="tests.test_final_redeploy.TestAdminAccounts" name="test_accounts_search_works" time="0.860" /><testcase classname="tests.test_final_redeploy.TestAdminCards" name="test_card_requests_list_loads" time="1.252" /><testcase classname="tests.test_final_redeploy.TestAdminTransfers" name="test_transfers_queue_loads" time="1.464" /><testcase classname="tests.test_final_redeploy.TestAdminTransfers" name="test_transfers_tabs_work" time="3.300" /><testcase classname="tests.test_final_redeploy.TestAdminTransfers" name="test_transfers_performance" time="0.994" /><testcase classname="tests.test_final_redeploy.TestAdminTransfers" name="test_transfers_search_pagination" time="1.769" /><testcase classname="tests.test_final_redeploy.TestAdminTransfers" name="test_deleted_tab_returns_soft_deleted" time="0.776" /><testcase classname="tests.test_final_redeploy.TestAdminSupport" name="test_tickets_list_loads" time="1.351" /><testcase classname="tests.test_final_redeploy.TestAdminSupport" name="test_tickets_search_filter" time="0.768" /><testcase classname="tests.test_final_redeploy.TestAdminAudit" name="test_audit_logs_load" time="1.026" /><testcase classname="tests.test_final_redeploy.TestAdminAudit" name="test_audit_logs_search_filter" time="0.681" /><testcase classname="tests.test_final_redeploy.TestAdminNotifications" name="test_notification_counts_endpoint" time="1.179" /><testcase classname="tests.test_final_redeploy.TestExtractedRouters" name="test_recipients_router" time="1.015" /><testcase classname="tests.test_final_redeploy.TestExtractedRouters" name="test_beneficiaries_router" time="0.479" /><testcase classname="tests.test_final_redeploy.TestExtractedRouters" name="test_insights_router" time="0.543" /><testcase classname="tests.test_final_redeploy.TestExtractedRouters" name="test_scheduled_payments_router" time="0.440" /><testcase classname="tests.test_final_redeploy.TestSecurityRBAC" name="test_admin_endpoints_blocked_for_non_admin" time="0.306"><failure message="AssertionError: Endpoint /api/v1/admin/kyc should be blocked, got 404&#10;assert 404 in [401, 403, 422]&#10; +  where 404 = &lt;Response [404]&gt;.status_code">tests/test_final_redeploy.py:508: in test_admin_endpoints_blocked_for_non_admin
    assert response.status_code in [401, 403, 422], \
E   AssertionError: Endpoint /api/v1/admin/kyc should be blocked, got 404
E   assert 404 in [401, 403, 422]
E    +  where 404 = &lt;Response [404]&gt;.status_code</failure></testcase><testcase classname="tests.test_final_redeploy.TestHealthEndpoints" name="test_health_endpoint" time="0.106" /><testcase classname="tests.test_final_redeploy.TestHealthEndpoints" name="test_root_health_endpoint" time="0.103" /></testsuite></testsuites>