<?xml version="1.0" encoding="utf-8"?><testsuites name="pytest tests"><testsuite name="pytest" errors="0" failures="0" skipped="0" tests="13" time="19.838" timestamp="2026-02-24T14:18:30.903056+00:00" hostname="agent-env-4d7c9539-ef33-4ac2-8fb9-aa0cbb2fa5c9"><testcase classname="tests.test_kyc_submit_hotfix.TestKYCSubmitEndpointFix" name="test_admin_login_works" time="4.383" /><testcase classname="tests.test_kyc_submit_hotfix.TestKYCSubmitEndpointFix" name="test_kyc_submit_endpoint_accepts_body" time="1.020" /><testcase classname="tests.test_kyc_submit_hotfix.TestKYCSubmitEndpointFix" name="test_kyc_submit_validates_required_documents" time="1.013" /><testcase classname="tests.test_kyc_submit_hotfix.TestKYCSubmitEndpointFix" name="test_kyc_submit_validates_consents" time="1.032" /><testcase classname="tests.test_kyc_submit_hotfix.TestAdminKYCQueue" name="test_admin_kyc_pending_endpoint" time="1.468" /><testcase classname="tests.test_kyc_submit_hotfix.TestAdminKYCQueue" name="test_admin_kyc_queue_returns_personal_info" time="1.440" /><testcase classname="tests.test_kyc_submit_hotfix.TestAdminKYCQueue" name="test_admin_kyc_review_endpoint" time="1.448" /><testcase classname="tests.test_kyc_submit_hotfix.TestAdminSections" name="test_admin_users_list" time="1.369" /><testcase classname="tests.test_kyc_submit_hotfix.TestAdminSections" name="test_admin_accounts_list" time="1.332" /><testcase classname="tests.test_kyc_submit_hotfix.TestAdminSections" name="test_admin_transfers_queue" time="1.333" /><testcase classname="tests.test_kyc_submit_hotfix.TestAdminSections" name="test_admin_support_tickets" time="1.231" /><testcase classname="tests.test_kyc_submit_hotfix.TestAdminSections" name="test_admin_notification_counts" time="1.719" /><testcase classname="tests.test_kyc_submit_hotfix.TestKYCApplicationGet" name="test_kyc_application_get" time="0.987" /></testsuite></testsuites>