<?xml version="1.0" encoding="utf-8"?><testsuites name="pytest tests"><testsuite name="pytest" errors="0" failures="0" skipped="0" tests="7" time="9.698" timestamp="2026-02-25T08:15:47.129162+00:00" hostname="agent-env-1ba77f61-b6c8-4322-8ac3-a06f05d029bc"><testcase classname="backend.tests.test_login_activity_bugfix.TestLoginActivityBugfix" name="test_auth_history_endpoint_returns_events" time="3.503" /><testcase classname="backend.tests.test_login_activity_bugfix.TestLoginActivityBugfix" name="test_auth_history_events_have_correct_fields" time="1.061" /><testcase classname="backend.tests.test_login_activity_bugfix.TestLoginActivityBugfix" name="test_auth_history_contains_login_events" time="1.058" /><testcase classname="backend.tests.test_login_activity_bugfix.TestLoginActivityBugfix" name="test_auth_history_user_specific" time="1.081" /><testcase classname="backend.tests.test_login_activity_bugfix.TestLoginActivityBugfix" name="test_auth_history_not_showing_other_users_events" time="1.052" /><testcase classname="backend.tests.test_login_activity_bugfix.TestLoginActivityBugfix" name="test_audit_logs_still_working" time="0.926" /><testcase classname="backend.tests.test_login_activity_bugfix.TestLoginActivityBugfix" name="test_admin_login_creates_audit_log" time="0.950" /></testsuite></testsuites>