<?xml version="1.0" encoding="utf-8"?><testsuites name="pytest tests"><testsuite name="pytest" errors="0" failures="0" skipped="0" tests="11" time="4.964" timestamp="2026-02-18T09:43:09.040361+00:00" hostname="agent-env-df2cf8a1-9b8d-4a20-bd4d-4d3f98abb4d2"><testcase classname="tests.test_notification_aggregation.TestNotificationAggregationBackend" name="test_notifications_endpoint_returns_reply_count_field" time="1.055" /><testcase classname="tests.test_notification_aggregation.TestNotificationAggregationBackend" name="test_existing_aggregated_notification_has_correct_structure" time="0.336" /><testcase classname="tests.test_notification_aggregation.TestNotificationAggregationBackend" name="test_notification_schema_includes_required_fields" time="0.318" /><testcase classname="tests.test_notification_aggregation.TestNotificationAggregationBackend" name="test_mark_notification_as_read" time="0.324" /><testcase classname="tests.test_notification_aggregation.TestNotificationAggregationBackend" name="test_mark_all_notifications_as_read" time="0.339" /><testcase classname="tests.test_notification_aggregation.TestNotificationServiceLogic" name="test_check_existing_test_ticket_notifications" time="0.323" /><testcase classname="tests.test_notification_aggregation.TestNotificationServiceLogic" name="test_notification_types_enum" time="0.329" /><testcase classname="tests.test_notification_aggregation.TestTicketReplyNotificationFlow" name="test_get_admin_tickets_with_messages" time="0.782" /><testcase classname="tests.test_notification_aggregation.TestTicketReplyNotificationFlow" name="test_ticket_message_endpoint_exists" time="0.461" /><testcase classname="tests.test_notification_aggregation.TestNotificationResponseFormat" name="test_reply_count_defaults_to_one" time="0.318" /><testcase classname="tests.test_notification_aggregation.TestNotificationResponseFormat" name="test_notification_timestamp_is_datetime" time="0.320" /></testsuite></testsuites>