<?xml version="1.0" encoding="utf-8"?><testsuites name="pytest tests"><testsuite name="pytest" errors="0" failures="0" skipped="0" tests="22" time="13.559" timestamp="2026-02-24T09:39:04.387859+00:00" hostname="agent-env-97a3304b-feca-4836-b395-e12d963e0900"><testcase classname="tests.test_p1_router_extraction.TestRecipients" name="test_get_recipients_success" time="3.250" /><testcase classname="tests.test_p1_router_extraction.TestRecipients" name="test_get_recipients_requires_auth" time="0.095" /><testcase classname="tests.test_p1_router_extraction.TestRecipients" name="test_recipients_response_time" time="0.458" /><testcase classname="tests.test_p1_router_extraction.TestBeneficiaries" name="test_get_beneficiaries_success" time="0.427" /><testcase classname="tests.test_p1_router_extraction.TestBeneficiaries" name="test_get_beneficiaries_requires_auth" time="0.102" /><testcase classname="tests.test_p1_router_extraction.TestBeneficiaries" name="test_beneficiaries_response_time" time="0.434" /><testcase classname="tests.test_p1_router_extraction.TestInsights" name="test_get_spending_insights_success" time="0.551" /><testcase classname="tests.test_p1_router_extraction.TestInsights" name="test_get_spending_with_days_param" time="0.560" /><testcase classname="tests.test_p1_router_extraction.TestInsights" name="test_get_spending_with_this_month_period" time="0.649" /><testcase classname="tests.test_p1_router_extraction.TestInsights" name="test_get_monthly_spending_success" time="0.648" /><testcase classname="tests.test_p1_router_extraction.TestInsights" name="test_insights_requires_auth" time="0.211" /><testcase classname="tests.test_p1_router_extraction.TestInsights" name="test_spending_response_time" time="0.541" /><testcase classname="tests.test_p1_router_extraction.TestInsights" name="test_monthly_spending_response_time" time="0.671" /><testcase classname="tests.test_p1_router_extraction.TestScheduledPayments" name="test_get_scheduled_payments_success" time="0.444" /><testcase classname="tests.test_p1_router_extraction.TestScheduledPayments" name="test_get_scheduled_payments_requires_auth" time="0.102" /><testcase classname="tests.test_p1_router_extraction.TestScheduledPayments" name="test_scheduled_payments_response_time" time="0.422" /><testcase classname="tests.test_p1_router_extraction.TestCrossSectionEndpoints" name="test_admin_users_still_works" time="0.763" /><testcase classname="tests.test_p1_router_extraction.TestCrossSectionEndpoints" name="test_admin_transfers_still_works" time="0.860" /><testcase classname="tests.test_p1_router_extraction.TestCrossSectionEndpoints" name="test_admin_card_requests_still_works" time="0.652" /><testcase classname="tests.test_p1_router_extraction.TestCrossSectionEndpoints" name="test_admin_tickets_still_works" time="0.658" /><testcase classname="tests.test_p1_router_extraction.TestCrossSectionEndpoints" name="test_accounts_still_works" time="0.541" /><testcase classname="tests.test_p1_router_extraction.TestCrossSectionEndpoints" name="test_user_transfers_still_works" time="0.435" /></testsuite></testsuites>