<?xml version="1.0" encoding="utf-8"?><testsuites name="pytest tests"><testsuite name="pytest" errors="0" failures="0" skipped="0" tests="17" time="19.398" timestamp="2026-02-23T14:56:18.491250+00:00" hostname="agent-env-fcf37be6-071e-420a-9d0f-14d43277216c"><testcase classname="tests.test_phone_search.TestPhoneSearchBackend" name="test_admin_users_endpoint_exists" time="5.002" /><testcase classname="tests.test_phone_search.TestPhoneSearchBackend" name="test_search_by_full_phone_with_plus" time="0.704" /><testcase classname="tests.test_phone_search.TestPhoneSearchBackend" name="test_search_by_partial_digits_last_4" time="0.687" /><testcase classname="tests.test_phone_search.TestPhoneSearchBackend" name="test_search_by_partial_digits_first_3" time="0.676" /><testcase classname="tests.test_phone_search.TestPhoneSearchBackend" name="test_search_by_formatted_phone_with_spaces" time="0.747" /><testcase classname="tests.test_phone_search.TestPhoneSearchBackend" name="test_search_by_name_still_works" time="0.699" /><testcase classname="tests.test_phone_search.TestPhoneSearchBackend" name="test_search_by_email_still_works" time="0.678" /><testcase classname="tests.test_phone_search.TestPhoneSearchBackend" name="test_users_without_phone_no_error" time="1.610" /><testcase classname="tests.test_phone_search.TestPhoneSearchBackend" name="test_pagination_works_without_search" time="0.686" /><testcase classname="tests.test_phone_search.TestPhoneSearchBackend" name="test_filters_work_with_phone_search" time="0.667" /><testcase classname="tests.test_phone_search.TestPhoneSearchBackend" name="test_clear_search_returns_all_users" time="0.818" /><testcase classname="tests.test_phone_search.TestPhoneSearchBackend" name="test_special_chars_in_search_handled" time="2.880" /><testcase classname="tests.test_phone_search.TestPhoneSearchPerformance" name="test_search_response_time_acceptable" time="0.678" /><testcase classname="tests.test_phone_search.TestOtherAdminSections" name="test_analytics_overview_endpoint" time="1.085" /><testcase classname="tests.test_phone_search.TestOtherAdminSections" name="test_kyc_pending_endpoint" time="0.469" /><testcase classname="tests.test_phone_search.TestOtherAdminSections" name="test_tickets_endpoint" time="0.789" /><testcase classname="tests.test_phone_search.TestOtherAdminSections" name="test_audit_logs_endpoint" time="0.454" /></testsuite></testsuites>