<?xml version="1.0" encoding="utf-8"?><testsuites name="pytest tests"><testsuite name="pytest" errors="0" failures="0" skipped="0" tests="18" time="22.343" timestamp="2026-02-24T08:27:02.971497+00:00" hostname="agent-env-b4460a28-dc6f-4d79-8238-4521e43a16d7"><testcase classname="tests.test_router_extraction_p0.TestRouterExtractionP0" name="test_login_works" time="3.635" /><testcase classname="tests.test_router_extraction_p0.TestRouterExtractionP0" name="test_admin_analytics_overview" time="1.643" /><testcase classname="tests.test_router_extraction_p0.TestRouterExtractionP0" name="test_admin_analytics_monthly" time="1.024" /><testcase classname="tests.test_router_extraction_p0.TestRouterExtractionP0" name="test_admin_notification_counts" time="1.131" /><testcase classname="tests.test_router_extraction_p0.TestRouterExtractionP0" name="test_user_notifications" time="0.990" /><testcase classname="tests.test_router_extraction_p0.TestRouterExtractionP0" name="test_admin_notifications_seen" time="0.963" /><testcase classname="tests.test_router_extraction_p0.TestRouterExtractionP0" name="test_admin_notifications_seen_invalid_section" time="0.868" /><testcase classname="tests.test_router_extraction_p0.TestRouterExtractionP0" name="test_user_card_requests" time="1.073" /><testcase classname="tests.test_router_extraction_p0.TestRouterExtractionP0" name="test_user_cards" time="1.044" /><testcase classname="tests.test_router_extraction_p0.TestRouterExtractionP0" name="test_admin_card_requests" time="1.248" /><testcase classname="tests.test_router_extraction_p0.TestRouterExtractionP0" name="test_admin_card_requests_with_status_filter" time="1.250" /><testcase classname="tests.test_router_extraction_p0.TestRouterExtractionP0" name="test_admin_card_requests_pagination" time="1.223" /><testcase classname="tests.test_router_extraction_p0.TestRouterExtractionP0" name="test_analytics_overview_requires_admin" time="0.724" /><testcase classname="tests.test_router_extraction_p0.TestRouterExtractionP0" name="test_notification_counts_requires_admin" time="0.741" /><testcase classname="tests.test_router_extraction_p0.TestRouterExtractionP0" name="test_admin_card_requests_requires_admin" time="0.745" /><testcase classname="tests.test_router_extraction_p0.TestRouterResponseParity" name="test_analytics_overview_data_types" time="1.597" /><testcase classname="tests.test_router_extraction_p0.TestRouterResponseParity" name="test_notification_counts_data_types" time="1.106" /><testcase classname="tests.test_router_extraction_p0.TestRouterResponseParity" name="test_card_requests_response_shape" time="1.243" /></testsuite></testsuites>