<?xml version="1.0" encoding="utf-8"?><testsuites name="pytest tests"><testsuite name="pytest" errors="5" failures="1" skipped="0" tests="18" time="14.398" timestamp="2026-02-23T14:04:46.248585+00:00" hostname="agent-env-c78a0c34-51c9-4ef6-aea6-d51ae7e73b65"><testcase classname="backend.tests.test_soft_delete_transfers.TestSoftDeleteTransfers" name="test_01_super_admin_login_returns_super_admin_role" time="2.390" /><testcase classname="backend.tests.test_soft_delete_transfers.TestSoftDeleteTransfers" name="test_02_transfers_queue_submitted_tab_loads" time="0.783" /><testcase classname="backend.tests.test_soft_delete_transfers.TestSoftDeleteTransfers" name="test_03_transfers_queue_completed_tab_loads" time="0.675" /><testcase classname="backend.tests.test_soft_delete_transfers.TestSoftDeleteTransfers" name="test_04_transfers_queue_rejected_tab_loads" time="0.834" /><testcase classname="backend.tests.test_soft_delete_transfers.TestSoftDeleteTransfers" name="test_05_transfer_pagination_works" time="1.522" /><testcase classname="backend.tests.test_soft_delete_transfers.TestSoftDeleteTransfers" name="test_06_transfer_search_works" time="0.977" /><testcase classname="backend.tests.test_soft_delete_transfers.TestSoftDeleteTransfers" name="test_07_non_super_admin_cannot_delete_transfer" time="1.820" /><testcase classname="backend.tests.test_soft_delete_transfers.TestSoftDeleteTransfers" name="test_08_notification_counts_endpoint_works" time="0.444" /><testcase classname="backend.tests.test_soft_delete_transfers.TestSoftDeleteTransfers" name="test_09_get_audit_logs_for_transfers" time="0.377"><failure message="AttributeError: 'list' object has no attribute 'get'">backend/tests/test_soft_delete_transfers.py:237: in test_09_get_audit_logs_for_transfers
    logs = data.get("logs", data.get("data", []))
           ^^^^^^^^
E   AttributeError: 'list' object has no attribute 'get'</failure></testcase><testcase classname="backend.tests.test_soft_delete_transfers.TestSoftDeleteEndToEnd" name="test_10_find_test_transfer_for_soft_delete" time="1.402" /><testcase classname="backend.tests.test_soft_delete_transfers.TestSoftDeleteEndToEnd" name="test_11_soft_delete_transfer" time="0.000"><error message="failed on setup with &quot;file /app/backend/tests/test_soft_delete_transfers.py, line 295&#10;      def test_11_soft_delete_transfer(self, super_admin_token, test_10_find_test_transfer_for_soft_delete):&#10;E       fixture 'test_10_find_test_transfer_for_soft_delete' not found&#10;&gt;       available fixtures: anyio_backend, anyio_backend_name, anyio_backend_options, cache, capfd, capfdbinary, caplog, capsys, capsysbinary, capteesys, doctest_namespace, free_tcp_port, free_tcp_port_factory, free_udp_port, free_udp_port_factory, monkeypatch, pytestconfig, record_property, record_testsuite_property, record_xml_attribute, recwarn, subtests, super_admin_token, test_user_token, tmp_path, tmp_path_factory, tmpdir, tmpdir_factory&#10;&gt;       use 'pytest --fixtures [testpath]' for help on them.&#10;&#10;/app/backend/tests/test_soft_delete_transfers.py:295&quot;">file /app/backend/tests/test_soft_delete_transfers.py, line 295
      def test_11_soft_delete_transfer(self, super_admin_token, test_10_find_test_transfer_for_soft_delete):
E       fixture 'test_10_find_test_transfer_for_soft_delete' not found
&gt;       available fixtures: anyio_backend, anyio_backend_name, anyio_backend_options, cache, capfd, capfdbinary, caplog, capsys, capsysbinary, capteesys, doctest_namespace, free_tcp_port, free_tcp_port_factory, free_udp_port, free_udp_port_factory, monkeypatch, pytestconfig, record_property, record_testsuite_property, record_xml_attribute, recwarn, subtests, super_admin_token, test_user_token, tmp_path, tmp_path_factory, tmpdir, tmpdir_factory
&gt;       use 'pytest --fixtures [testpath]' for help on them.

/app/backend/tests/test_soft_delete_transfers.py:295</error></testcase><testcase classname="backend.tests.test_soft_delete_transfers.TestSoftDeleteEndToEnd" name="test_12_soft_deleted_transfer_not_in_list" time="0.000"><error message="failed on setup with &quot;file /app/backend/tests/test_soft_delete_transfers.py, line 324&#10;      def test_12_soft_deleted_transfer_not_in_list(self, super_admin_token, test_10_find_test_transfer_for_soft_delete):&#10;E       fixture 'test_10_find_test_transfer_for_soft_delete' not found&#10;&gt;       available fixtures: anyio_backend, anyio_backend_name, anyio_backend_options, cache, capfd, capfdbinary, caplog, capsys, capsysbinary, capteesys, doctest_namespace, free_tcp_port, free_tcp_port_factory, free_udp_port, free_udp_port_factory, monkeypatch, pytestconfig, record_property, record_testsuite_property, record_xml_attribute, recwarn, subtests, super_admin_token, test_user_token, tmp_path, tmp_path_factory, tmpdir, tmpdir_factory&#10;&gt;       use 'pytest --fixtures [testpath]' for help on them.&#10;&#10;/app/backend/tests/test_soft_delete_transfers.py:324&quot;">file /app/backend/tests/test_soft_delete_transfers.py, line 324
      def test_12_soft_deleted_transfer_not_in_list(self, super_admin_token, test_10_find_test_transfer_for_soft_delete):
E       fixture 'test_10_find_test_transfer_for_soft_delete' not found
&gt;       available fixtures: anyio_backend, anyio_backend_name, anyio_backend_options, cache, capfd, capfdbinary, caplog, capsys, capsysbinary, capteesys, doctest_namespace, free_tcp_port, free_tcp_port_factory, free_udp_port, free_udp_port_factory, monkeypatch, pytestconfig, record_property, record_testsuite_property, record_xml_attribute, recwarn, subtests, super_admin_token, test_user_token, tmp_path, tmp_path_factory, tmpdir, tmpdir_factory
&gt;       use 'pytest --fixtures [testpath]' for help on them.

/app/backend/tests/test_soft_delete_transfers.py:324</error></testcase><testcase classname="backend.tests.test_soft_delete_transfers.TestSoftDeleteEndToEnd" name="test_13_soft_delete_idempotent" time="0.000"><error message="failed on setup with &quot;file /app/backend/tests/test_soft_delete_transfers.py, line 347&#10;      def test_13_soft_delete_idempotent(self, super_admin_token, test_10_find_test_transfer_for_soft_delete):&#10;E       fixture 'test_10_find_test_transfer_for_soft_delete' not found&#10;&gt;       available fixtures: anyio_backend, anyio_backend_name, anyio_backend_options, cache, capfd, capfdbinary, caplog, capsys, capsysbinary, capteesys, doctest_namespace, free_tcp_port, free_tcp_port_factory, free_udp_port, free_udp_port_factory, monkeypatch, pytestconfig, record_property, record_testsuite_property, record_xml_attribute, recwarn, subtests, super_admin_token, test_user_token, tmp_path, tmp_path_factory, tmpdir, tmpdir_factory&#10;&gt;       use 'pytest --fixtures [testpath]' for help on them.&#10;&#10;/app/backend/tests/test_soft_delete_transfers.py:347&quot;">file /app/backend/tests/test_soft_delete_transfers.py, line 347
      def test_13_soft_delete_idempotent(self, super_admin_token, test_10_find_test_transfer_for_soft_delete):
E       fixture 'test_10_find_test_transfer_for_soft_delete' not found
&gt;       available fixtures: anyio_backend, anyio_backend_name, anyio_backend_options, cache, capfd, capfdbinary, caplog, capsys, capsysbinary, capteesys, doctest_namespace, free_tcp_port, free_tcp_port_factory, free_udp_port, free_udp_port_factory, monkeypatch, pytestconfig, record_property, record_testsuite_property, record_xml_attribute, recwarn, subtests, super_admin_token, test_user_token, tmp_path, tmp_path_factory, tmpdir, tmpdir_factory
&gt;       use 'pytest --fixtures [testpath]' for help on them.

/app/backend/tests/test_soft_delete_transfers.py:347</error></testcase><testcase classname="backend.tests.test_soft_delete_transfers.TestSoftDeleteEndToEnd" name="test_14_audit_log_shows_soft_delete_event" time="0.000"><error message="failed on setup with &quot;file /app/backend/tests/test_soft_delete_transfers.py, line 368&#10;      def test_14_audit_log_shows_soft_delete_event(self, super_admin_token, test_10_find_test_transfer_for_soft_delete):&#10;E       fixture 'test_10_find_test_transfer_for_soft_delete' not found&#10;&gt;       available fixtures: anyio_backend, anyio_backend_name, anyio_backend_options, cache, capfd, capfdbinary, caplog, capsys, capsysbinary, capteesys, doctest_namespace, free_tcp_port, free_tcp_port_factory, free_udp_port, free_udp_port_factory, monkeypatch, pytestconfig, record_property, record_testsuite_property, record_xml_attribute, recwarn, subtests, super_admin_token, test_user_token, tmp_path, tmp_path_factory, tmpdir, tmpdir_factory&#10;&gt;       use 'pytest --fixtures [testpath]' for help on them.&#10;&#10;/app/backend/tests/test_soft_delete_transfers.py:368&quot;">file /app/backend/tests/test_soft_delete_transfers.py, line 368
      def test_14_audit_log_shows_soft_delete_event(self, super_admin_token, test_10_find_test_transfer_for_soft_delete):
E       fixture 'test_10_find_test_transfer_for_soft_delete' not found
&gt;       available fixtures: anyio_backend, anyio_backend_name, anyio_backend_options, cache, capfd, capfdbinary, caplog, capsys, capsysbinary, capteesys, doctest_namespace, free_tcp_port, free_tcp_port_factory, free_udp_port, free_udp_port_factory, monkeypatch, pytestconfig, record_property, record_testsuite_property, record_xml_attribute, recwarn, subtests, super_admin_token, test_user_token, tmp_path, tmp_path_factory, tmpdir, tmpdir_factory
&gt;       use 'pytest --fixtures [testpath]' for help on them.

/app/backend/tests/test_soft_delete_transfers.py:368</error></testcase><testcase classname="backend.tests.test_soft_delete_transfers.TestSoftDeleteEndToEnd" name="test_15_search_excludes_soft_deleted" time="0.000"><error message="failed on setup with &quot;file /app/backend/tests/test_soft_delete_transfers.py, line 401&#10;      def test_15_search_excludes_soft_deleted(self, super_admin_token, test_10_find_test_transfer_for_soft_delete):&#10;E       fixture 'test_10_find_test_transfer_for_soft_delete' not found&#10;&gt;       available fixtures: anyio_backend, anyio_backend_name, anyio_backend_options, cache, capfd, capfdbinary, caplog, capsys, capsysbinary, capteesys, doctest_namespace, free_tcp_port, free_tcp_port_factory, free_udp_port, free_udp_port_factory, monkeypatch, pytestconfig, record_property, record_testsuite_property, record_xml_attribute, recwarn, subtests, super_admin_token, test_user_token, tmp_path, tmp_path_factory, tmpdir, tmpdir_factory&#10;&gt;       use 'pytest --fixtures [testpath]' for help on them.&#10;&#10;/app/backend/tests/test_soft_delete_transfers.py:401&quot;">file /app/backend/tests/test_soft_delete_transfers.py, line 401
      def test_15_search_excludes_soft_deleted(self, super_admin_token, test_10_find_test_transfer_for_soft_delete):
E       fixture 'test_10_find_test_transfer_for_soft_delete' not found
&gt;       available fixtures: anyio_backend, anyio_backend_name, anyio_backend_options, cache, capfd, capfdbinary, caplog, capsys, capsysbinary, capteesys, doctest_namespace, free_tcp_port, free_tcp_port_factory, free_udp_port, free_udp_port_factory, monkeypatch, pytestconfig, record_property, record_testsuite_property, record_xml_attribute, recwarn, subtests, super_admin_token, test_user_token, tmp_path, tmp_path_factory, tmpdir, tmpdir_factory
&gt;       use 'pytest --fixtures [testpath]' for help on them.

/app/backend/tests/test_soft_delete_transfers.py:401</error></testcase><testcase classname="backend.tests.test_soft_delete_transfers.TestRegressionTransferFeatures" name="test_16_transfer_detail_panel_opens" time="1.490" /><testcase classname="backend.tests.test_soft_delete_transfers.TestRegressionTransferFeatures" name="test_17_notification_counts_exclude_soft_deleted" time="1.162" /><testcase classname="backend.tests.test_soft_delete_transfers.TestRegressionTransferFeatures" name="test_18_delete_nonexistent_transfer_returns_404" time="0.406" /></testsuite></testsuites>