<?xml version="1.0" encoding="utf-8"?><testsuites name="pytest tests"><testsuite name="pytest" errors="0" failures="2" skipped="0" tests="13" time="13.643" timestamp="2026-03-09T12:14:30.287496+00:00" hostname="agent-env-09e17685-c125-4883-97bc-75449c4a3798"><testcase classname="backend.tests.test_support_download.TestAuthFlow" name="test_client_login" time="0.674" /><testcase classname="backend.tests.test_support_download.TestAuthFlow" name="test_admin_login" time="0.601" /><testcase classname="backend.tests.test_support_download.TestSupportTickets" name="test_client_get_tickets" time="1.047" /><testcase classname="backend.tests.test_support_download.TestSupportTickets" name="test_client_get_specific_ticket" time="1.066" /><testcase classname="backend.tests.test_support_download.TestSupportTickets" name="test_ticket_has_pdf_attachment" time="1.175" /><testcase classname="backend.tests.test_support_download.TestSupportTickets" name="test_admin_get_all_tickets" time="1.432" /><testcase classname="backend.tests.test_support_download.TestSupportTickets" name="test_admin_get_specific_ticket" time="1.049" /><testcase classname="backend.tests.test_support_download.TestAttachmentDownload" name="test_attachment_url_accessible" time="1.164" /><testcase classname="backend.tests.test_support_download.TestAttachmentDownload" name="test_pdf_download_content_type" time="1.117" /><testcase classname="backend.tests.test_support_download.TestDashboard" name="test_client_dashboard_loads" time="1.318"><failure message="assert 404 == 200&#10; +  where 404 = &lt;Response [404]&gt;.status_code">backend/tests/test_support_download.py:278: in test_client_dashboard_loads
    assert response.status_code == 200
E   assert 404 == 200
E    +  where 404 = &lt;Response [404]&gt;.status_code</failure></testcase><testcase classname="backend.tests.test_support_download.TestDashboard" name="test_client_tax_status" time="1.047" /><testcase classname="backend.tests.test_support_download.TestDashboard" name="test_admin_overview" time="0.707"><failure message="assert 404 == 200&#10; +  where 404 = &lt;Response [404]&gt;.status_code">backend/tests/test_support_download.py:298: in test_admin_overview
    assert response.status_code == 200
E   assert 404 == 200
E    +  where 404 = &lt;Response [404]&gt;.status_code</failure></testcase><testcase classname="backend.tests.test_support_download.TestDashboard" name="test_admin_users_list" time="1.163" /></testsuite></testsuites>