<?xml version="1.0" encoding="utf-8"?><testsuites name="pytest tests"><testsuite name="pytest" errors="0" failures="0" skipped="0" tests="15" time="16.991" timestamp="2026-02-16T15:31:22.918877+00:00" hostname="agent-env-10e19553-72e0-4c77-829f-b95a7eb50ba8"><testcase classname="backend.tests.test_ticket_attachments.TestSupportTicketAttachments" name="test_01_admin_login" time="0.642" /><testcase classname="backend.tests.test_ticket_attachments.TestSupportTicketAttachments" name="test_02_get_all_tickets_admin" time="1.408" /><testcase classname="backend.tests.test_ticket_attachments.TestSupportTicketAttachments" name="test_03_get_tickets_filtered_by_status" time="1.482" /><testcase classname="backend.tests.test_ticket_attachments.TestSupportTicketAttachments" name="test_04_upload_endpoint_requires_auth" time="0.144" /><testcase classname="backend.tests.test_ticket_attachments.TestSupportTicketAttachments" name="test_05_message_with_attachments_requires_auth" time="0.126" /><testcase classname="backend.tests.test_ticket_attachments.TestSupportTicketAttachments" name="test_06_validate_file_type_rejection" time="1.039" /><testcase classname="backend.tests.test_ticket_attachments.TestSupportTicketAttachments" name="test_07_validate_file_count_limit" time="0.863" /><testcase classname="backend.tests.test_ticket_attachments.TestSupportTicketAttachments" name="test_08_upload_valid_text_file" time="1.885" /><testcase classname="backend.tests.test_ticket_attachments.TestSupportTicketAttachments" name="test_09_upload_multiple_file_types" time="2.332" /><testcase classname="backend.tests.test_ticket_attachments.TestSupportTicketAttachments" name="test_10_text_only_message_works" time="1.648" /><testcase classname="backend.tests.test_ticket_attachments.TestSupportTicketAttachments" name="test_11_attachment_download_link_accessible" time="0.861" /><testcase classname="backend.tests.test_ticket_attachments.TestSupportTicketAttachments" name="test_12_admin_can_see_attachments" time="0.517" /><testcase classname="backend.tests.test_ticket_attachments.TestSupportTicketAttachments" name="test_13_update_ticket_status" time="1.721" /><testcase classname="backend.tests.test_ticket_attachments.TestSupportTicketAttachments" name="test_14_empty_message_with_attachment_works" time="1.735" /><testcase classname="backend.tests.test_ticket_attachments.TestSupportTicketAttachments" name="test_15_message_attachments_schema_valid" time="0.530" /></testsuite></testsuites>