<?xml version="1.0" encoding="utf-8"?><testsuites name="pytest tests"><testsuite name="pytest" errors="0" failures="0" skipped="0" tests="13" time="16.018" timestamp="2026-02-24T10:43:52.184228+00:00" hostname="agent-env-97a3304b-feca-4836-b395-e12d963e0900"><testcase classname="backend.tests.test_ticket_bugfixes.TestBugAThreadDisappears" name="test_admin_login_success" time="3.032" /><testcase classname="backend.tests.test_ticket_bugfixes.TestBugAThreadDisappears" name="test_admin_tickets_list_endpoint" time="0.880" /><testcase classname="backend.tests.test_ticket_bugfixes.TestBugAThreadDisappears" name="test_admin_single_ticket_endpoint_returns_full_messages" time="0.541" /><testcase classname="backend.tests.test_ticket_bugfixes.TestBugAThreadDisappears" name="test_list_vs_detail_endpoint_comparison" time="1.334" /><testcase classname="backend.tests.test_ticket_bugfixes.TestBugBAdminNotificationForOwnMessage" name="test_notification_counts_endpoint_exists" time="1.185" /><testcase classname="backend.tests.test_ticket_bugfixes.TestBugBAdminNotificationForOwnMessage" name="test_notification_seen_endpoint" time="0.436" /><testcase classname="backend.tests.test_ticket_bugfixes.TestBugBAdminNotificationForOwnMessage" name="test_ticket_add_message_updates_timestamps_correctly" time="0.907" /><testcase classname="backend.tests.test_ticket_bugfixes.TestBugBAdminNotificationForOwnMessage" name="test_notification_count_query_uses_correct_field" time="0.543" /><testcase classname="backend.tests.test_ticket_bugfixes.TestRegressionSupportTickets" name="test_tickets_list_loads" time="1.474" /><testcase classname="backend.tests.test_ticket_bugfixes.TestRegressionSupportTickets" name="test_tickets_filter_by_status" time="1.683" /><testcase classname="backend.tests.test_ticket_bugfixes.TestRegressionSupportTickets" name="test_tickets_search_works" time="0.909" /><testcase classname="backend.tests.test_ticket_bugfixes.TestRegressionSupportTickets" name="test_ticket_status_change_works" time="2.009" /><testcase classname="backend.tests.test_ticket_bugfixes.TestRegressionSupportTickets" name="test_admin_mark_read_works" time="1.018" /></testsuite></testsuites>