<?xml version="1.0" encoding="utf-8"?><testsuites name="pytest tests"><testsuite name="pytest" errors="0" failures="0" skipped="0" tests="15" time="15.808" timestamp="2026-02-24T09:25:10.177473+00:00" hostname="agent-env-97a3304b-feca-4836-b395-e12d963e0900"><testcase classname="tests.test_transfers_router_extraction.TestTransfersRouterExtraction" name="test_admin_transfers_submitted_status" time="3.987" /><testcase classname="tests.test_transfers_router_extraction.TestTransfersRouterExtraction" name="test_admin_transfers_completed_status" time="0.768" /><testcase classname="tests.test_transfers_router_extraction.TestTransfersRouterExtraction" name="test_admin_transfers_rejected_status" time="0.755" /><testcase classname="tests.test_transfers_router_extraction.TestTransfersRouterExtraction" name="test_admin_transfers_pagination_page_size_20" time="0.778" /><testcase classname="tests.test_transfers_router_extraction.TestTransfersRouterExtraction" name="test_admin_transfers_pagination_page_size_50" time="0.798" /><testcase classname="tests.test_transfers_router_extraction.TestTransfersRouterExtraction" name="test_admin_transfers_pagination_page_2" time="1.539" /><testcase classname="tests.test_transfers_router_extraction.TestTransfersRouterExtraction" name="test_admin_transfers_search" time="0.875" /><testcase classname="tests.test_transfers_router_extraction.TestTransfersRouterExtraction" name="test_admin_transfers_response_includes_sender_info" time="0.758" /><testcase classname="tests.test_transfers_router_extraction.TestTransfersRouterExtraction" name="test_user_transfers_list" time="0.443" /><testcase classname="tests.test_transfers_router_extraction.TestTransfersRouterExtraction" name="test_user_transfer_detail" time="0.864" /><testcase classname="tests.test_transfers_router_extraction.TestTransfersRouterExtraction" name="test_transfer_restore_not_implemented" time="0.108" /><testcase classname="tests.test_transfers_router_extraction.TestTransfersRouterExtraction" name="test_soft_deleted_transfers_excluded" time="2.484" /><testcase classname="tests.test_transfers_router_extraction.TestTransfersRouterInvalidPageSize" name="test_invalid_page_size_defaults_to_20" time="1.368" /><testcase classname="tests.test_transfers_router_extraction.TestTransfersRouterAuth" name="test_admin_transfers_requires_auth" time="0.098" /><testcase classname="tests.test_transfers_router_extraction.TestTransfersRouterAuth" name="test_user_transfers_requires_auth" time="0.103" /></testsuite></testsuites>