<?xml version="1.0" encoding="utf-8"?><testsuites name="pytest tests"><testsuite name="pytest" errors="0" failures="0" skipped="0" tests="15" time="63.226" timestamp="2026-02-19T10:03:10.498616+00:00" hostname="agent-env-be9380f2-31ea-457e-9659-17a53c31ed3a"><testcase classname="tests.test_transfer_confirmation_email.TestTransferConfirmationEmailFeature" name="test_mask_iban_function_logic" time="0.000" /><testcase classname="tests.test_transfer_confirmation_email.TestTransferConfirmationEmailFeature" name="test_eu_amount_formatting_logic" time="0.000" /><testcase classname="tests.test_transfer_confirmation_email.TestTransferConfirmationEmailFeature" name="test_transfers_endpoint_exists" time="0.955" /><testcase classname="tests.test_transfer_confirmation_email.TestTransferConfirmationEmailFeature" name="test_get_transfers_endpoint" time="0.352" /><testcase classname="tests.test_transfer_confirmation_email.TestTransferConfirmationEmailFeature" name="test_admin_transfers_endpoint" time="20.573" /><testcase classname="tests.test_transfer_confirmation_email.TestTransferConfirmationEmailFeature" name="test_transfer_schema_has_confirmation_email_sent_field" time="20.236" /><testcase classname="tests.test_transfer_confirmation_email.TestTransferConfirmationEmailFeature" name="test_email_translations_exist" time="0.062" /><testcase classname="tests.test_transfer_confirmation_email.TestTransferConfirmationEmailFeature" name="test_existing_transfers_work_correctly" time="20.231" /><testcase classname="tests.test_transfer_confirmation_email.TestTransferConfirmationEmailFeature" name="test_transfer_creation_with_invalid_account_returns_error" time="0.535" /><testcase classname="tests.test_transfer_confirmation_email.TestTransferConfirmationEmailFeature" name="test_resend_api_key_configured" time="0.000" /><testcase classname="tests.test_transfer_confirmation_email.TestTransferConfirmationEmailFeature" name="test_email_service_methods_exist" time="0.000" /><testcase classname="tests.test_transfer_confirmation_email.TestTransferEmailIntegration" name="test_banking_workflow_service_sends_email" time="0.202" /><testcase classname="tests.test_transfer_confirmation_email.TestTransferEmailIntegration" name="test_transfer_schema_confirmation_field" time="0.000" /><testcase classname="tests.test_transfer_confirmation_email.TestTransferEmailEdgeCases" name="test_email_with_missing_user_language" time="0.000" /><testcase classname="tests.test_transfer_confirmation_email.TestTransferEmailEdgeCases" name="test_email_amount_formatting_edge_cases" time="0.000" /></testsuite></testsuites>