<?xml version="1.0" encoding="utf-8"?><testsuites name="pytest tests"><testsuite name="pytest" errors="0" failures="14" skipped="2" tests="20" time="7.707" timestamp="2026-02-20T14:39:41.835272+00:00" hostname="agent-env-071d8886-7726-4435-8a57-eacd6d015b2d"><testcase classname="tests.test_transfer_rejection_email.TestTransferRejectionEmail" name="test_01_user_login_success" time="0.752" /><testcase classname="tests.test_transfer_rejection_email.TestTransferRejectionEmail" name="test_02_admin_login_success" time="0.651" /><testcase classname="tests.test_transfer_rejection_email.TestTransferRejectionEmail" name="test_03_create_transfer_no_rejection_email" time="1.985" /><testcase classname="tests.test_transfer_rejection_email.TestTransferRejectionEmail" name="test_04_admin_reject_transfer_triggers_email" time="0.000"><skipped type="pytest.skip" message="No transfer created in previous test">/app/backend/tests/test_transfer_rejection_email.py:132: No transfer created in previous test</skipped></testcase><testcase classname="tests.test_transfer_rejection_email.TestTransferRejectionEmail" name="test_05_idempotency_re_reject_returns_error" time="0.000"><skipped type="pytest.skip" message="No transfer created in previous test">/app/backend/tests/test_transfer_rejection_email.py:180: No transfer created in previous test</skipped></testcase><testcase classname="tests.test_transfer_rejection_email.TestTransferRejectionEmail" name="test_06_approval_does_not_trigger_rejection_email" time="1.753"><failure message="AssertionError: Approval failed: {&quot;detail&quot;:&quot;Transfer not found&quot;}&#10;assert 404 == 200&#10; +  where 404 = &lt;Response [404]&gt;.status_code">tests/test_transfer_rejection_email.py:224: in test_06_approval_does_not_trigger_rejection_email
    assert response.status_code == 200, f"Approval failed: {response.text}"
E   AssertionError: Approval failed: {"detail":"Transfer not found"}
E   assert 404 == 200
E    +  where 404 = &lt;Response [404]&gt;.status_code</failure></testcase><testcase classname="tests.test_transfer_rejection_email.TestTransferRejectionEmail" name="test_07_admin_transfers_queue_shows_rejected_correctly" time="0.997"><failure message="AssertionError: Response should contain 'transfers' key&#10;assert 'transfers' in {'data': [{'admin_action_at': '2026-02-20T14:36:53.067000+00:00', 'admin_action_by': 'admin_super_001', 'amount': 750, 'attachment_url': None, ...}, {'admin_action_at': '2026-02-20T14:34:08.016000+00:00', 'admin_action_by': 'admin_super_001', 'amount': 500, 'attachment_url': None, ...}, {'admin_action_at': '2026-02-20T13:37:21.707000+00:00', 'admin_action_by': 'admin_super_001', 'amount': 11340000, 'attachment_url': None, ...}, {'admin_action_at': '2026-02-20T10:52:51.876000+00:00', 'admin_action_by': 'admin_super_001', 'amount': 4810300, 'attachment_url': None, ...}, {'admin_action_at': '2026-02-19T08:13:35.127000+00:00', 'admin_action_by': 'admin_super_001', 'amount': 1000000, 'attachment_url': None, ...}, {'admin_action_at': '2026-02-19T08:05:36.767000+00:00', 'admin_action_by': 'admin_super_001', 'amount': 400000, 'attachment_url': None, ...}, ...], 'ok': True, 'pagination': {'has_next': True, 'has_prev': False, 'limit': 50, 'page': 1, ...}}">tests/test_transfer_rejection_email.py:261: in test_07_admin_transfers_queue_shows_rejected_correctly
    assert "transfers" in data, "Response should contain 'transfers' key"
E   AssertionError: Response should contain 'transfers' key
E   assert 'transfers' in {'data': [{'admin_action_at': '2026-02-20T14:36:53.067000+00:00', 'admin_action_by': 'admin_super_001', 'amount': 750, 'attachment_url': None, ...}, {'admin_action_at': '2026-02-20T14:34:08.016000+00:00', 'admin_action_by': 'admin_super_001', 'amount': 500, 'attachment_url': None, ...}, {'admin_action_at': '2026-02-20T13:37:21.707000+00:00', 'admin_action_by': 'admin_super_001', 'amount': 11340000, 'attachment_url': None, ...}, {'admin_action_at': '2026-02-20T10:52:51.876000+00:00', 'admin_action_by': 'admin_super_001', 'amount': 4810300, 'attachment_url': None, ...}, {'admin_action_at': '2026-02-19T08:13:35.127000+00:00', 'admin_action_by': 'admin_super_001', 'amount': 1000000, 'attachment_url': None, ...}, {'admin_action_at': '2026-02-19T08:05:36.767000+00:00', 'admin_action_by': 'admin_super_001', 'amount': 400000, 'attachment_url': None, ...}, ...], 'ok': True, 'pagination': {'has_next': True, 'has_prev': False, 'limit': 50, 'page': 1, ...}}</failure></testcase><testcase classname="tests.test_transfer_rejection_email.TestTransferRejectionEmail" name="test_08_email_translations_english" time="0.000"><failure message="ModuleNotFoundError: No module named 'services'">tests/test_transfer_rejection_email.py:276: in test_08_email_translations_english
    from services.email_service import EMAIL_TRANSLATIONS
E   ModuleNotFoundError: No module named 'services'</failure></testcase><testcase classname="tests.test_transfer_rejection_email.TestTransferRejectionEmail" name="test_09_email_translations_italian" time="0.000"><failure message="ModuleNotFoundError: No module named 'services'">tests/test_transfer_rejection_email.py:303: in test_09_email_translations_italian
    from services.email_service import EMAIL_TRANSLATIONS
E   ModuleNotFoundError: No module named 'services'</failure></testcase><testcase classname="tests.test_transfer_rejection_email.TestTransferRejectionEmail" name="test_10_email_content_no_rejection_reason" time="0.000"><failure message="ModuleNotFoundError: No module named 'services'">tests/test_transfer_rejection_email.py:328: in test_10_email_content_no_rejection_reason
    from services.email_service import EmailService
E   ModuleNotFoundError: No module named 'services'</failure></testcase><testcase classname="tests.test_transfer_rejection_email.TestTransferRejectionEmail" name="test_11_email_includes_masked_iban" time="0.000"><failure message="ModuleNotFoundError: No module named 'services'">tests/test_transfer_rejection_email.py:349: in test_11_email_includes_masked_iban
    from services.email_service import EmailService
E   ModuleNotFoundError: No module named 'services'</failure></testcase><testcase classname="tests.test_transfer_rejection_email.TestTransferRejectionEmail" name="test_12_email_includes_required_fields" time="0.000"><failure message="ModuleNotFoundError: No module named 'services'">tests/test_transfer_rejection_email.py:367: in test_12_email_includes_required_fields
    from services.email_service import EmailService
E   ModuleNotFoundError: No module named 'services'</failure></testcase><testcase classname="tests.test_transfer_rejection_email.TestTransferRejectionEmail" name="test_13_email_cta_links_to_support" time="0.000"><failure message="ModuleNotFoundError: No module named 'services'">tests/test_transfer_rejection_email.py:392: in test_13_email_cta_links_to_support
    from services.email_service import EmailService
E   ModuleNotFoundError: No module named 'services'</failure></testcase><testcase classname="tests.test_transfer_rejection_email.TestTransferRejectionEmail" name="test_14_transfer_schema_has_rejection_email_fields" time="0.000"><failure message="ModuleNotFoundError: No module named 'schemas'">tests/test_transfer_rejection_email.py:410: in test_14_transfer_schema_has_rejection_email_fields
    from schemas.banking_workflows import Transfer
E   ModuleNotFoundError: No module named 'schemas'</failure></testcase><testcase classname="tests.test_transfer_rejection_email.TestTransferRejectionEmail" name="test_15_reject_transfer_sets_idempotency_flag" time="0.000"><failure message="ModuleNotFoundError: No module named 'services'">tests/test_transfer_rejection_email.py:437: in test_15_reject_transfer_sets_idempotency_flag
    from services.banking_workflows_service import BankingWorkflowsService
E   ModuleNotFoundError: No module named 'services'</failure></testcase><testcase classname="tests.test_transfer_rejection_email.TestTransferRejectionEmail" name="test_16_email_failure_does_not_block_rejection" time="0.000"><failure message="ModuleNotFoundError: No module named 'services'">tests/test_transfer_rejection_email.py:459: in test_16_email_failure_does_not_block_rejection
    from services.banking_workflows_service import BankingWorkflowsService
E   ModuleNotFoundError: No module named 'services'</failure></testcase><testcase classname="tests.test_transfer_rejection_email.TestTransferRejectionEmail" name="test_17_get_admin_transfers_submitted_status" time="0.691"><failure message="AssertionError: Response should contain 'transfers' key&#10;assert 'transfers' in {'data': [{'admin_action_at': None, 'admin_action_by': None, 'amount': 50, 'attachment_url': None, ...}, {'admin_action_at': None, 'admin_action_by': None, 'amount': 100, 'attachment_url': None, ...}, {'admin_action_at': None, 'admin_action_by': None, 'amount': 800000, 'attachment_url': None, ...}, {'admin_action_at': None, 'admin_action_by': None, 'amount': 2190000, 'attachment_url': None, ...}, {'admin_action_at': None, 'admin_action_by': None, 'amount': 2200, 'attachment_url': None, ...}, {'admin_action_at': None, 'admin_action_by': None, 'amount': 23335000, 'attachment_url': None, ...}, ...], 'ok': True, 'pagination': {'has_next': False, 'has_prev': False, 'limit': 50, 'page': 1, ...}}">tests/test_transfer_rejection_email.py:489: in test_17_get_admin_transfers_submitted_status
    assert "transfers" in data, "Response should contain 'transfers' key"
E   AssertionError: Response should contain 'transfers' key
E   assert 'transfers' in {'data': [{'admin_action_at': None, 'admin_action_by': None, 'amount': 50, 'attachment_url': None, ...}, {'admin_action_at': None, 'admin_action_by': None, 'amount': 100, 'attachment_url': None, ...}, {'admin_action_at': None, 'admin_action_by': None, 'amount': 800000, 'attachment_url': None, ...}, {'admin_action_at': None, 'admin_action_by': None, 'amount': 2190000, 'attachment_url': None, ...}, {'admin_action_at': None, 'admin_action_by': None, 'amount': 2200, 'attachment_url': None, ...}, {'admin_action_at': None, 'admin_action_by': None, 'amount': 23335000, 'attachment_url': None, ...}, ...], 'ok': True, 'pagination': {'has_next': False, 'has_prev': False, 'limit': 50, 'page': 1, ...}}</failure></testcase><testcase classname="tests.test_transfer_rejection_email.TestTransferRejectionEmail" name="test_18_get_admin_transfers_completed_status" time="0.704"><failure message="AssertionError: Response should contain 'transfers' key&#10;assert 'transfers' in {'data': [{'admin_action_at': '2026-01-22T13:29:51.035000+00:00', 'admin_action_by': 'admin_super_001', 'amount': 150000, 'attachment_url': None, ...}, {'admin_action_at': '2026-01-21T18:40:35.731000+00:00', 'admin_action_by': 'admin_super_001', 'amount': 355000, 'attachment_url': None, ...}], 'ok': True, 'pagination': {'has_next': False, 'has_prev': False, 'limit': 50, 'page': 1, ...}}">tests/test_transfer_rejection_email.py:504: in test_18_get_admin_transfers_completed_status
    assert "transfers" in data, "Response should contain 'transfers' key"
E   AssertionError: Response should contain 'transfers' key
E   assert 'transfers' in {'data': [{'admin_action_at': '2026-01-22T13:29:51.035000+00:00', 'admin_action_by': 'admin_super_001', 'amount': 150000, 'attachment_url': None, ...}, {'admin_action_at': '2026-01-21T18:40:35.731000+00:00', 'admin_action_by': 'admin_super_001', 'amount': 355000, 'attachment_url': None, ...}], 'ok': True, 'pagination': {'has_next': False, 'has_prev': False, 'limit': 50, 'page': 1, ...}}</failure></testcase><testcase classname="tests.test_transfer_rejection_email.TestEmailServiceDirectly" name="test_mask_iban_function_logic" time="0.000"><failure message="AssertionError: mask_iban(DE89370400440532013000) = DE89**************3000, expected DE89************3000&#10;assert 'DE89**************3000' == 'DE89************3000'&#10;  &#10;  - DE89************3000&#10;  + DE89**************3000&#10;  ?                 ++">tests/test_transfer_rejection_email.py:530: in test_mask_iban_function_logic
    assert result == expected, f"mask_iban({iban}) = {result}, expected {expected}"
E   AssertionError: mask_iban(DE89370400440532013000) = DE89**************3000, expected DE89************3000
E   assert 'DE89**************3000' == 'DE89************3000'
E     
E     - DE89************3000
E     + DE89**************3000
E     ?                 ++</failure></testcase><testcase classname="tests.test_transfer_rejection_email.TestEmailServiceDirectly" name="test_amount_formatting" time="0.000" /></testsuite></testsuites>